mode: set
github.com/go-krb5/krb5/crypto/rfc3962/encryption.go:16.75,17.36 1 1
github.com/go-krb5/krb5/crypto/rfc3962/encryption.go:17.36,19.3 1 1
github.com/go-krb5/krb5/crypto/rfc3962/encryption.go:20.2,21.39 2 1
github.com/go-krb5/krb5/crypto/rfc3962/encryption.go:26.95,27.36 1 1
github.com/go-krb5/krb5/crypto/rfc3962/encryption.go:27.36,29.3 1 1
github.com/go-krb5/krb5/crypto/rfc3962/encryption.go:31.2,33.16 3 1
github.com/go-krb5/krb5/crypto/rfc3962/encryption.go:33.16,35.3 1 0
github.com/go-krb5/krb5/crypto/rfc3962/encryption.go:36.2,40.16 3 1
github.com/go-krb5/krb5/crypto/rfc3962/encryption.go:40.16,42.17 2 1
github.com/go-krb5/krb5/crypto/rfc3962/encryption.go:42.17,44.4 1 0
github.com/go-krb5/krb5/crypto/rfc3962/encryption.go:48.2,49.16 2 1
github.com/go-krb5/krb5/crypto/rfc3962/encryption.go:49.16,51.3 1 0
github.com/go-krb5/krb5/crypto/rfc3962/encryption.go:54.2,55.16 2 1
github.com/go-krb5/krb5/crypto/rfc3962/encryption.go:55.16,57.3 1 0
github.com/go-krb5/krb5/crypto/rfc3962/encryption.go:58.2,59.19 2 1
github.com/go-krb5/krb5/crypto/rfc3962/encryption.go:63.67,64.36 1 1
github.com/go-krb5/krb5/crypto/rfc3962/encryption.go:64.36,66.3 1 0
github.com/go-krb5/krb5/crypto/rfc3962/encryption.go:67.2,68.39 2 1
github.com/go-krb5/krb5/crypto/rfc3962/encryption.go:73.90,76.16 2 1
github.com/go-krb5/krb5/crypto/rfc3962/encryption.go:76.16,78.3 1 1
github.com/go-krb5/krb5/crypto/rfc3962/encryption.go:80.2,81.16 2 1
github.com/go-krb5/krb5/crypto/rfc3962/encryption.go:81.16,83.3 1 0
github.com/go-krb5/krb5/crypto/rfc3962/encryption.go:85.2,85.51 1 1
github.com/go-krb5/krb5/crypto/rfc3962/encryption.go:85.51,87.3 1 1
github.com/go-krb5/krb5/crypto/rfc3962/encryption.go:89.2,89.43 1 1
github.com/go-krb5/krb5/crypto/rfc3962/key_derivation.go:18.81,20.16 2 1
github.com/go-krb5/krb5/crypto/rfc3962/key_derivation.go:20.16,22.3 1 0
github.com/go-krb5/krb5/crypto/rfc3962/key_derivation.go:23.2,23.44 1 1
github.com/go-krb5/krb5/crypto/rfc3962/key_derivation.go:27.82,29.2 1 1
github.com/go-krb5/krb5/crypto/rfc3962/key_derivation.go:32.92,35.2 2 1
github.com/go-krb5/krb5/crypto/rfc3962/key_derivation.go:38.60,43.25 2 1
github.com/go-krb5/krb5/crypto/rfc3962/key_derivation.go:43.25,45.3 1 0
github.com/go-krb5/krb5/crypto/rfc3962/key_derivation.go:46.2,47.16 2 1
github.com/go-krb5/krb5/crypto/rfc3962/key_derivation.go:47.16,49.3 1 0
github.com/go-krb5/krb5/crypto/rfc3962/key_derivation.go:50.2,51.22 2 1
